<?xml version="1.0" encoding="UTF-8"?>
<!-- Generated by org.testng.reporters.JUnitReportReporter -->
<testsuite skipped="0" hostname="Raefa-PC" name="hobsons.com.testCases.CareerPageTestCases" tests="2" failures="0" timestamp="20 Jan 2019 14:19:48 GMT" time="48.939" errors="0">
  <testcase name="IntroVideo" time="33.187" classname="hobsons.com.testCases.CareerPageTestCases"/>
  <testcase name="VisitOpenOpportunities" time="15.752" classname="hobsons.com.testCases.CareerPageTestCases"/>
</testsuite> <!-- hobsons.com.testCases.CareerPageTestCases -->
