<?xml version="1.0" encoding="UTF-8"?>
<!-- Generated by org.testng.reporters.JUnitReportReporter -->
<testsuite skipped="0" hostname="Raefa-PC" name="hobsons.com.testCases.HomePageTestCases" tests="1" failures="0" timestamp="20 Jan 2019 14:19:48 GMT" time="15.007" errors="0">
  <testcase name="visitCareerPage" time="15.007" classname="hobsons.com.testCases.HomePageTestCases"/>
</testsuite> <!-- hobsons.com.testCases.HomePageTestCases -->
