<?xml version="1.0" encoding="UTF-8"?>
<!-- Generated by org.testng.reporters.JUnitReportReporter -->
<testsuite skipped="0" hostname="Raefa-PC" name="hobsons.com.testCases.ApplicationSignUpTestCase" tests="1" failures="0" timestamp="20 Jan 2019 14:19:48 GMT" time="33.836" errors="0">
  <testcase name="applicationformFillUp" time="33.836" classname="hobsons.com.testCases.ApplicationSignUpTestCase"/>
</testsuite> <!-- hobsons.com.testCases.ApplicationSignUpTestCase -->
