<?xml version="1.0" encoding="UTF-8"?>
<!-- Generated by org.testng.reporters.JUnitReportReporter -->
<testsuite skipped="0" hostname="Raefa-PC" name="hobsons.com.testCases.debug_testCase" tests="1" failures="0" timestamp="18 Jan 2019 01:11:25 GMT" time="8.078" errors="0">
  <testcase name="tc" time="8.078" classname="hobsons.com.testCases.debug_testCase"/>
</testsuite> <!-- hobsons.com.testCases.debug_testCase -->
