<?xml version="1.0" encoding="UTF-8"?>
<!-- Generated by org.testng.reporters.JUnitReportReporter -->
<testsuite skipped="0" hostname="Raefa-PC" name="hobsons.com.testCases.ApplicationSignUpTestCase" tests="1" failures="0" timestamp="20 Jan 2019 23:02:11 GMT" time="21.229" errors="0">
  <testcase name="RequireFielderrorMessageValidation" time="21.229" classname="hobsons.com.testCases.ApplicationSignUpTestCase"/>
</testsuite> <!-- hobsons.com.testCases.ApplicationSignUpTestCase -->
