<?xml version="1.0" encoding="UTF-8"?>
<!-- Generated by org.testng.reporters.JUnitReportReporter -->
<testsuite skipped="0" hostname="Raefa-PC" name="hobsons.com.testCases.HomePageTestCases" tests="3" failures="0" timestamp="20 Jan 2019 23:06:46 GMT" time="27.012" errors="0">
  <testcase name="homePageTitle" time="6.590" classname="hobsons.com.testCases.HomePageTestCases"/>
  <testcase name="homePageTest" time="6.352" classname="hobsons.com.testCases.HomePageTestCases"/>
  <testcase name="visitCareerPage" time="14.070" classname="hobsons.com.testCases.HomePageTestCases"/>
</testsuite> <!-- hobsons.com.testCases.HomePageTestCases -->
