<?xml version="1.0" encoding="UTF-8"?>
<!-- Generated by org.testng.reporters.JUnitReportReporter -->
<testsuite skipped="0" hostname="Raefa-PC" name="hobsons.com.utility.supportUtility" tests="1" failures="0" timestamp="18 Jan 2019 01:06:11 GMT" time="0.565" errors="0">
  <testcase name="test" time="0.565" classname="hobsons.com.utility.supportUtility"/>
</testsuite> <!-- hobsons.com.utility.supportUtility -->
